
-----------------------------   Welcome to ....   ------------------------------
                      _______  _______ _______ _______ 
                     |   _   \|   _   |   _   |   _   |
                     |.  1   /|.  |   |   1___|   1___|
                     |.  _   \|.  |   |____   |____   |
                     |:  1    |:  1   |:  1   |:  1   |
                     |::.. .  |::.. . |::.. . |::.. . |
                     `-------'`-------`-------`-------'

                                 Version 1.8.0                                  
                              10-06-2024 20:14:40                               
--------------------------------------------------------------------------------


--------------------------------------------------------------------------------
                               SIMULATION OPTIONS                               
--------------------------------------------------------------------------------
|| File input/output 
ipfile         boss.in
userfn         /home/autarch/code/python/boss-web-prototype/src/tabs/run_boss.py dummy_func
outfile        boss.out
rstfile        boss.rst

|| Key settings 
bounds         5.000E+02 2.500E+03
kerntype       rbf
yrange         -1.000E+01 1.000E+01
noise          0.000E+00
inittype       sobol
initpts   5    iterpts   0
glmin_tol         none

|| Data acquisition 
acqfn                elcb
acqtol               1.000E-03

|| GP hyperparameters 
thetainit       1.000E+01
thetabounds     none
thetaprior      gamma
thetapriorpar   2.000E+00 2.000E-02;    1.571E+00 3.238E-03

|| Hyperparameter optimization
acq_optimtype      score
model_optimtype      score
updatefreq   1  initupdate      True
updateoffset 0  updaterestarts  2


|| Miscellaneous

|| Postprocessing
pp_iters          = None (all iterations will be used if postprocessing is called)
pp_models         = False
pp_acq_funcs      = False
pp_truef_npts     = none
pp_model_slice        = 1 1 50
pp_truef_at_glmins = False
pp_local_minima   = none


--------------------------------------------------------------------------------
                              INITIAL DATAPOINT 1                               
--------------------------------------------------------------------------------
| Data point added to dataset (x y): 
  2.0000000000E+03       9.2000000000E+01

| Total ensemble size: 1

Iteration time [s]:    0.001        Total time [s]:    0.004

--------------------------------------------------------------------------------
                              INITIAL DATAPOINT 2                               
--------------------------------------------------------------------------------
| Data point added to dataset (x y): 
  1.0000000000E+03       5.1000000000E+01

| Total ensemble size: 2

Iteration time [s]:    0.000        Total time [s]:    0.004

--------------------------------------------------------------------------------
                              INITIAL DATAPOINT 3                               
--------------------------------------------------------------------------------
| Data point added to dataset (x y): 
  5.0000000000E+02       4.0000000000E+01

| Total ensemble size: 3

Iteration time [s]:    0.000        Total time [s]:    0.005

--------------------------------------------------------------------------------
                              INITIAL DATAPOINT 4                               
--------------------------------------------------------------------------------
| Data point added to dataset (x y): 
  2.2500000000E+03       8.5000000000E+01

| Total ensemble size: 4

Iteration time [s]:    0.000        Total time [s]:    0.005

--------------------------------------------------------------------------------
                              INITIAL DATAPOINT 5                               
--------------------------------------------------------------------------------
| Data point added to dataset (x y): 
  5.0000000000E+02       3.8000000000E+01

| Total ensemble size: 5

Iteration time [s]:    0.000        Total time [s]:    0.005

--------------------------------------------------------------------------------
                              INITIAL DATAPOINT 6                               
--------------------------------------------------------------------------------
| Data point added to dataset (x y): 
  1.2480000000E+03       7.7400000000E+01

| Total ensemble size: 6

Iteration time [s]:    0.000        Total time [s]:    0.005

--------------------------------------------------------------------------------
                              INITIAL DATAPOINT 7                               
--------------------------------------------------------------------------------
| Data point added to dataset (x y): 
  1.7790000000E+03       8.4700000000E+01

| Total ensemble size: 7

Iteration time [s]:    0.000        Total time [s]:    0.006

--------------------------------------------------------------------------------
                              INITIAL DATAPOINT 8                               
--------------------------------------------------------------------------------
| Data point added to dataset (x y): 
  6.7800000000E+02       5.3400000000E+01

| Total ensemble size: 8

Iteration time [s]:    0.000        Total time [s]:    0.006

--------------------------------------------------------------------------------
                              INITIAL DATAPOINT 9                               
--------------------------------------------------------------------------------
| Data point added to dataset (x y): 
  5.0000000000E+02       2.4400000000E+01

| Total ensemble size: 9

Iteration time [s]:    0.000        Total time [s]:    0.006

--------------------------------------------------------------------------------
                              INITIAL DATAPOINT 10                              
--------------------------------------------------------------------------------
| Data point added to dataset (x y): 
  2.5000000000E+03       6.0700000000E+01

| Total ensemble size: 10

Iteration time [s]:    0.000        Total time [s]:    0.006

--------------------------------------------------------------------------------
                              INITIAL DATAPOINT 11                              
--------------------------------------------------------------------------------
| Data point added to dataset (x y): 
  1.5900000000E+03       7.9700000000E+01

| Total ensemble size: 11

Iteration time [s]:    0.000        Total time [s]:    0.006

--------------------------------------------------------------------------------
                              INITIAL DATAPOINT 12                              
--------------------------------------------------------------------------------
| Data point added to dataset (x y): 
  2.0782600000E+03       9.7000000000E+01

| Total ensemble size: 12

Iteration time [s]:    0.000        Total time [s]:    0.006

--------------------------------------------------------------------------------
                              INITIAL DATAPOINT 13                              
--------------------------------------------------------------------------------
| Data point added to dataset (x y): 
  1.7175100000E+03       8.6500000000E+01

| Total ensemble size: 13

Iteration time [s]:    0.000        Total time [s]:    0.006

--------------------------------------------------------------------------------
                              INITIAL DATAPOINT 14                              
--------------------------------------------------------------------------------
| Data point added to dataset (x y): 
  2.5000000000E+03       1.0800000000E+02

| Total ensemble size: 14

Iteration time [s]:    0.000        Total time [s]:    0.007

--------------------------------------------------------------------------------
                              INITIAL DATAPOINT 15                              
--------------------------------------------------------------------------------
| Data point added to dataset (x y): 
  5.0000000000E+02       3.6300000000E+01

| Total ensemble size: 15

Iteration time [s]:    0.000        Total time [s]:    0.007

--------------------------------------------------------------------------------
                              INITIAL DATAPOINT 16                              
--------------------------------------------------------------------------------
| Data point added to dataset (x y): 
  5.0000000000E+02       2.3600000000E+01

| Total ensemble size: 16

Iteration time [s]:    0.000        Total time [s]:    0.007

--------------------------------------------------------------------------------
                              INITIAL DATAPOINT 17                              
--------------------------------------------------------------------------------
| Data point added to dataset (x y): 
  2.5000000000E+03       9.7500000000E+01

| Total ensemble size: 17

Iteration time [s]:    0.000        Total time [s]:    0.007

--------------------------------------------------------------------------------
                              INITIAL DATAPOINT 18                              
--------------------------------------------------------------------------------
| Data point added to dataset (x y): 
  8.9600000000E+02       4.4200000000E+01

| Total ensemble size: 18

Iteration time [s]:    0.000        Total time [s]:    0.007

--------------------------------------------------------------------------------
                              INITIAL DATAPOINT 19                              
--------------------------------------------------------------------------------
| Data point added to dataset (x y): 
  5.0000000000E+02       2.1700000000E+01

| Total ensemble size: 19

Iteration time [s]:    0.000        Total time [s]:    0.007

--------------------------------------------------------------------------------
                              INITIAL DATAPOINT 20                              
--------------------------------------------------------------------------------
| Data point added to dataset (x y): 
  1.5000000000E+03       8.6500000000E+01

| Total ensemble size: 20

Iteration time [s]:    0.000        Total time [s]:    0.008

--------------------------------------------------------------------------------
                              INITIAL DATAPOINT 21                              
--------------------------------------------------------------------------------
| Data point added to dataset (x y): 
  2.5000000000E+03       9.5500000000E+01

| Total ensemble size: 21

Iteration time [s]:    0.000        Total time [s]:    0.008

--------------------------------------------------------------------------------
                              INITIAL DATAPOINT 22                              
--------------------------------------------------------------------------------
| Data point added to dataset (x y): 
  5.3469515031E+02       2.4000000000E+01

| Total ensemble size: 22
| Best acquisition, x_best y_best:
  5.0000000000E+02       2.1700000000E+01
| Global minimum prediction, x_glmin mu_glmin +- nu_glmin:
  5.5248540612E+02       2.3059198569E+01  9.6010989755E-01

| GP model hyperparameters:
  4.5366851845E+02  9.9103612380E+01
| Next sampling location x_next:
  5.8679744201E+02

Iteration time [s]:    0.455        Total time [s]:    0.463
